[debug] [2018-10-31T17:37:22.109Z] ----------------------------------------------------------------------
[debug] [2018-10-31T17:37:22.111Z] Command:       /usr/local/bin/node /usr/local/bin/firebase init
[debug] [2018-10-31T17:37:22.111Z] CLI Version:   6.0.0
[debug] [2018-10-31T17:37:22.111Z] Platform:      darwin
[debug] [2018-10-31T17:37:22.111Z] Node Version:  v8.9.1
[debug] [2018-10-31T17:37:22.111Z] Time:          Wed Oct 31 2018 10:37:22 GMT-0700 (PDT)
[debug] [2018-10-31T17:37:22.111Z] ----------------------------------------------------------------------
[debug] 
[debug] [2018-10-31T17:37:22.118Z] > command requires scopes: ["email","openid","https://www.googleapis.com/auth/cloudplatformprojects.readonly","https://www.googleapis.com/auth/firebase","https://www.googleapis.com/auth/cloud-platform"]
[debug] [2018-10-31T17:37:22.118Z] > authorizing via signed-in user
[info] 
     🔥🔥🔥🔥🔥🔥🔥🔥 🔥🔥🔥🔥 🔥🔥🔥🔥🔥🔥🔥🔥  🔥🔥🔥🔥🔥🔥🔥🔥 🔥🔥🔥🔥🔥🔥🔥🔥     🔥🔥🔥     🔥🔥🔥🔥🔥🔥  🔥🔥🔥🔥🔥🔥🔥🔥
     🔥🔥        🔥🔥  🔥🔥     🔥🔥 🔥🔥       🔥🔥     🔥🔥  🔥🔥   🔥🔥  🔥🔥       🔥🔥
     🔥🔥🔥🔥🔥🔥    🔥🔥  🔥🔥🔥🔥🔥🔥🔥🔥  🔥🔥🔥🔥🔥🔥   🔥🔥🔥🔥🔥🔥🔥🔥  🔥🔥🔥🔥🔥🔥🔥🔥🔥  🔥🔥🔥🔥🔥🔥  🔥🔥🔥🔥🔥🔥
     🔥🔥        🔥🔥  🔥🔥    🔥🔥  🔥🔥       🔥🔥     🔥🔥 🔥🔥     🔥🔥       🔥🔥 🔥🔥
     🔥🔥       🔥🔥🔥🔥 🔥🔥     🔥🔥 🔥🔥🔥🔥🔥🔥🔥🔥 🔥🔥🔥🔥🔥🔥🔥🔥  🔥🔥     🔥🔥  🔥🔥🔥🔥🔥🔥  🔥🔥🔥🔥🔥🔥🔥🔥

You're about to initialize a Firebase project in this directory:

  /Users/sbass/Documents/Dev/Mobile/nice-riff/firebase

[info] 
=== Project Setup
[info] 
[info] First, let's associate this project directory with a Firebase project.
[info] You can create multiple project aliases by running firebase use --add, 
[info] but for now we'll just set up a default project.
[info] 
[debug] [2018-10-31T17:37:49.307Z] > refreshing access token with scopes: ["email","https://www.googleapis.com/auth/cloud-platform","https://www.googleapis.com/auth/cloudplatformprojects.readonly","https://www.googleapis.com/auth/firebase","openid"]
[debug] [2018-10-31T17:37:49.308Z] >>> HTTP REQUEST POST https://www.googleapis.com/oauth2/v3/token  
 <request body omitted>
[debug] [2018-10-31T17:37:50.685Z] <<< HTTP RESPONSE 200
[debug] [2018-10-31T17:37:50.703Z] >>> HTTP REQUEST GET https://firebase.googleapis.com/v1beta1/projects?page_size=100  
 
[debug] [2018-10-31T17:37:51.820Z] <<< HTTP RESPONSE 200
[info] i  Using project nice-riff (nice-riff)
[info] 
=== Database Setup
[info] 
[info] Firebase Realtime Database Rules allow you to define how your data should be
[info] structured and when your data can be read from and written to.
[info] 
[debug] [2018-10-31T17:38:09.871Z] >>> HTTP REQUEST GET https://nice-riff.firebaseio.com/.settings/rules.json  
 
[debug] [2018-10-31T17:38:10.382Z] <<< HTTP RESPONSE 200
[info] ✔  Database Rules for nice-riff have been downloaded to database.rules.json.
[info] Future modifications to database.rules.json will update Database Rules when you run
[info] firebase deploy.
[info] 
=== Firestore Setup
[debug] [2018-10-31T17:38:10.384Z] > command requires scopes: ["email","openid","https://www.googleapis.com/auth/cloudplatformprojects.readonly","https://www.googleapis.com/auth/firebase","https://www.googleapis.com/auth/cloud-platform"]
[debug] [2018-10-31T17:38:10.384Z] > authorizing via signed-in user
[debug] [2018-10-31T17:38:10.385Z] >>> HTTP REQUEST GET https://firebase.googleapis.com/v1beta1/projects/nice-riff  
 
[debug] [2018-10-31T17:38:10.882Z] <<< HTTP RESPONSE 200
[info] 
[info] Firestore Security Rules allow you to define how and when to allow
[info] requests. You can keep these rules in your project directory
[info] and publish them with firebase deploy.
[info] 
[debug] [2018-10-31T17:38:12.471Z] >>> HTTP REQUEST GET https://firebaserules.googleapis.com/v1/projects/nice-riff/releases  
 
[debug] [2018-10-31T17:38:13.079Z] <<< HTTP RESPONSE 200
[debug] [2018-10-31T17:38:13.079Z] No rulesets found, using default.
[info] 
[info] Firestore indexes allow you to perform complex queries while
[info] maintaining performance that scales with the size of the result
[info] set. You can keep index definitions in your project directory
[info] and publish them with firebase deploy.
[info] 
[debug] [2018-10-31T17:38:14.401Z] >>> HTTP REQUEST GET https://firestore.googleapis.com/v1beta1/projects/nice-riff/databases/(default)/indexes  
 
[debug] [2018-10-31T17:38:14.942Z] <<< HTTP RESPONSE 400
[debug] [2018-10-31T17:38:14.942Z] <<< HTTP RESPONSE BODY
[info] 
=== Functions Setup
[info] 
[info] A functions directory will be created in your project with a Node.js
[info] package pre-configured. Functions can be deployed with firebase deploy.
[info] 
[debug] [2018-10-31T17:38:14.946Z] > command requires scopes: ["email","openid","https://www.googleapis.com/auth/cloudplatformprojects.readonly","https://www.googleapis.com/auth/firebase","https://www.googleapis.com/auth/cloud-platform"]
[debug] [2018-10-31T17:38:14.946Z] > authorizing via signed-in user
[debug] [2018-10-31T17:38:14.946Z] >>> HTTP REQUEST GET https://firebase.googleapis.com/v1beta1/projects/nice-riff  
 
[debug] [2018-10-31T17:38:15.555Z] <<< HTTP RESPONSE 200
[debug] [2018-10-31T17:38:15.558Z] >>> HTTP REQUEST PATCH https://servicemanagement.googleapis.com/v1/services/cloudfunctions.googleapis.com/projectSettings/nice-riff?updateMask=usageSettings  

[debug] [2018-10-31T17:38:15.559Z] >>> HTTP REQUEST PATCH https://servicemanagement.googleapis.com/v1/services/runtimeconfig.googleapis.com/projectSettings/nice-riff?updateMask=usageSettings  

[debug] [2018-10-31T17:38:17.398Z] <<< HTTP RESPONSE 200
[debug] [2018-10-31T17:38:17.401Z] <<< HTTP RESPONSE 200
[info] ✔  Wrote functions/package.json
[info] ✔  Wrote functions/.eslintrc.json
[info] ✔  Wrote functions/index.js
